[2017-11-11 21:30:45] START
[2017-11-11 21:33:22] EDIT fantasy_football/views/default/index.html: -35
[2017-11-11 21:34:29] UPLOAD /home/www-data/web2py/applications/fantasy_football/static/inline.fcdb6eafc8885df65a05.bundle.js: 1
[2017-11-11 21:34:37] UPLOAD /home/www-data/web2py/applications/fantasy_football/static/main.c798da1300c7f8604948.bundle.js: 1
[2017-11-11 21:34:46] UPLOAD /home/www-data/web2py/applications/fantasy_football/static/polyfills.ed762e38550b1ba74505.bundle.js: 71
[2017-11-11 21:34:53] UPLOAD /home/www-data/web2py/applications/fantasy_football/static/styles.d41d8cd98f00b204e980.bundle.css: 0
[2017-11-11 21:35:02] UPLOAD /home/www-data/web2py/applications/fantasy_football/static/vendor.91ae3f351c7055a81a18.bundle.js: 777
[2017-11-11 21:35:23] UPLOAD /home/www-data/web2py/applications/fantasy_football/static/football.png: 25
[2017-11-12 23:10:46] DELETE fantasy_football/static/main.c798da1300c7f8604948.bundle.js: -1
[2017-11-12 23:10:48] DELETE fantasy_football/static/polyfills.ed762e38550b1ba74505.bundle.js: -71
[2017-11-12 23:10:51] DELETE fantasy_football/static/styles.d41d8cd98f00b204e980.bundle.css: 0
[2017-11-12 23:10:53] DELETE fantasy_football/static/vendor.91ae3f351c7055a81a18.bundle.js: -777
[2017-11-12 23:10:56] DELETE fantasy_football/static/inline.fcdb6eafc8885df65a05.bundle.js: -1
[2017-11-12 23:10:59] DELETE fantasy_football/static/football.png: -25
[2017-11-12 23:11:41] UPLOAD /home/www-data/web2py/applications/fantasy_football/static/inline.73fa807417bf42cc9586.bundle.js: 1
[2017-11-12 23:11:50] UPLOAD /home/www-data/web2py/applications/fantasy_football/static/main.9f3b0e3bc57b953f1e54.bundle.js: 1
[2017-11-12 23:11:59] UPLOAD /home/www-data/web2py/applications/fantasy_football/static/polyfills.ed762e38550b1ba74505.bundle.js: 71
[2017-11-12 23:12:13] UPLOAD /home/www-data/web2py/applications/fantasy_football/static/styles.d41d8cd98f00b204e980.bundle.css: 0
[2017-11-12 23:12:21] UPLOAD /home/www-data/web2py/applications/fantasy_football/static/vendor.91ae3f351c7055a81a18.bundle.js: 777
[2017-11-12 23:13:27] EDIT fantasy_football/views/default/index.html: 0
[2017-11-12 23:14:36] EDIT fantasy_football/views/default/index.html: 0
[2017-11-12 23:19:16] EDIT fantasy_football/views/default/index.html: 0
[2017-11-12 23:20:36] EDIT fantasy_football/views/default/index.html: 0
[2017-11-12 23:22:07] EDIT fantasy_football/views/default/index.html: 0
[2017-11-12 23:23:16] EDIT fantasy_football/views/default/index.html: 0
[2017-11-12 23:24:23] EDIT fantasy_football/views/default/index.html: 0
[2017-11-12 23:24:28] EDIT fantasy_football/views/default/index.html: 0
[2017-11-12 23:24:33] EDIT fantasy_football/views/default/index.html: 0
[2017-11-12 23:24:38] EDIT fantasy_football/views/default/index.html: 0
[2017-11-12 23:25:06] EDIT fantasy_football/views/default/index.html: 0
[2017-11-12 23:25:20] EDIT fantasy_football/views/default/index.html: 0
[2017-11-12 23:25:39] EDIT fantasy_football/views/default/index.html: 0
[2017-11-12 23:27:04] UPLOAD /home/www-data/web2py/applications/fantasy_football/static/forms.css: 6
[2017-11-12 23:29:19] EDIT fantasy_football/views/default/index.html: 0
[2017-11-12 23:34:26] EDIT fantasy_football/views/default/index.html: 0
[2017-11-12 23:35:00] EDIT fantasy_football/views/default/index.html: 0
[2017-11-12 23:42:07] UPLOAD /home/www-data/web2py/applications/fantasy_football/static/index.html: 22
[2017-11-12 23:42:16] DELETE fantasy_football/static/forms.css: -6
[2017-11-12 23:42:40] UPLOAD /home/www-data/web2py/applications/fantasy_football/static/forms.css: 6
[2017-11-12 23:43:05] EDIT fantasy_football/static/index.html: 0
[2017-11-12 23:43:12] EDIT fantasy_football/static/index.html: 0
[2017-11-12 23:43:28] DELETE fantasy_football/static/index.html.bak: -22
[2017-11-12 23:43:31] DELETE fantasy_football/static/index.html: -22
[2017-11-12 23:44:06] UPLOAD /home/www-data/web2py/applications/fantasy_football/static/index.html: 22
[2017-11-12 23:47:09] EDIT fantasy_football/views/default/index.html: 3
[2017-11-12 23:48:39] EDIT fantasy_football/views/default/index.html: -1
[2017-11-12 23:49:35] EDIT fantasy_football/views/default/index.html: 0
[2017-11-12 23:50:52] EDIT fantasy_football/static/index.html: 0
[2017-11-12 23:51:10] DELETE fantasy_football/static/index.html.bak: -22
[2017-11-12 23:53:21] EDIT fantasy_football/views/default/index.html: 0
[2017-11-12 23:56:42] EDIT fantasy_football/views/default/index.html: 0
[2017-11-13 00:04:49] EDIT fantasy_football/views/default/index.html: 0
[2017-11-13 00:07:53] EDIT fantasy_football/views/default/index.html: 0
[2017-11-13 03:15:54] EDIT fantasy_football/views/default/index.html: 0
[2017-11-13 04:00:58] DELETE fantasy_football/static/inline.73fa807417bf42cc9586.bundle.js: -1
[2017-11-13 04:01:02] DELETE fantasy_football/static/main.9f3b0e3bc57b953f1e54.bundle.js: -1
[2017-11-13 04:01:05] DELETE fantasy_football/static/polyfills.ed762e38550b1ba74505.bundle.js: -71
[2017-11-13 04:01:08] DELETE fantasy_football/static/styles.d41d8cd98f00b204e980.bundle.css: 0
[2017-11-13 04:01:11] DELETE fantasy_football/static/vendor.91ae3f351c7055a81a18.bundle.js: -777
[2017-11-13 04:01:14] DELETE fantasy_football/static/index.html: -22
[2017-11-13 04:01:22] DELETE fantasy_football/static/forms.css: -6
[2017-11-13 04:01:29] UPLOAD /home/www-data/web2py/applications/fantasy_football/static/inline.83dd66e9552549f6e0ad.bundle.js: 1
[2017-11-13 04:01:36] UPLOAD /home/www-data/web2py/applications/fantasy_football/static/main.6721e20b7d2e162873eb.bundle.js: 1
[2017-11-13 04:01:43] UPLOAD /home/www-data/web2py/applications/fantasy_football/static/polyfills.ed762e38550b1ba74505.bundle.js: 71
[2017-11-13 04:01:49] UPLOAD /home/www-data/web2py/applications/fantasy_football/static/styles.d41d8cd98f00b204e980.bundle.css: 0
[2017-11-13 04:01:55] UPLOAD /home/www-data/web2py/applications/fantasy_football/static/vendor.91ae3f351c7055a81a18.bundle.js: 777
[2017-11-13 04:02:03] UPLOAD /home/www-data/web2py/applications/fantasy_football/static/index.html: 22
[2017-11-13 04:02:11] UPLOAD /home/www-data/web2py/applications/fantasy_football/static/forms.css: 6
[2017-11-13 04:03:41] EDIT fantasy_football/views/default/index.html: 0
[2017-11-18 21:21:53] CREATE user_db.py: 0
[2017-11-18 22:02:49] EDIT fantasy_football/views/default/index.html: 17
[2017-11-18 22:05:15] EDIT fantasy_football/views/default/index.html: 1
[2017-11-18 22:11:54] EDIT fantasy_football/views/default/index.html: -1
[2017-11-18 22:26:32] EDIT fantasy_football/views/default/index.html: -12
[2017-11-18 22:26:55] EDIT fantasy_football/views/default/index.html: 0
[2017-11-18 22:33:50] EDIT fantasy_football/views/default/index.html: -1
[2017-11-18 22:35:47] EDIT fantasy_football/views/default/index.html: 3
[2017-11-18 22:36:01] EDIT fantasy_football/views/default/index.html: 0
[2017-11-18 22:36:42] EDIT fantasy_football/views/default/index.html: 0
[2017-11-18 22:37:28] EDIT fantasy_football/views/default/index.html: 4
[2017-11-18 22:37:39] EDIT fantasy_football/views/default/index.html: 1
[2017-11-18 22:39:01] EDIT fantasy_football/views/default/index.html: -3
[2017-11-18 22:39:46] EDIT fantasy_football/views/default/index.html: 0
[2017-11-18 22:40:00] EDIT fantasy_football/views/default/index.html: 0
[2017-11-18 22:40:26] EDIT fantasy_football/views/default/index.html: 0
[2017-11-18 22:41:02] EDIT fantasy_football/views/default/index.html: 0
[2017-11-18 22:41:14] EDIT fantasy_football/views/default/index.html: 0
[2017-11-18 22:41:38] EDIT fantasy_football/views/default/index.html: 0
[2017-11-18 22:42:52] EDIT fantasy_football/views/default/index.html: 9
[2017-11-18 22:43:54] EDIT fantasy_football/views/default/index.html: 3
[2017-11-18 22:45:09] EDIT fantasy_football/views/default/index.html: 1
[2017-11-18 22:50:45] EDIT fantasy_football/views/default/index.html: -1
[2017-11-18 22:57:10] EDIT fantasy_football/views/default/index.html: 1
[2017-11-18 23:00:09] EDIT fantasy_football/views/default/index.html: 0
[2017-11-18 23:04:51] EDIT fantasy_football/views/default/index.html: 0
[2017-11-18 23:19:15] EDIT fantasy_football/views/default/index.html: 2
[2017-11-18 23:19:42] EDIT fantasy_football/views/default/index.html: -1
[2017-11-19 01:45:29] EDIT fantasy_football/views/default/index.html: 0
[2017-11-19 01:46:16] EDIT fantasy_football/views/default/index.html: 0
[2017-11-19 01:46:57] EDIT fantasy_football/views/default/index.html: -19
[2017-11-19 19:18:02] EDIT fantasy_football/controllers/default.py: 2
[2017-11-19 19:20:16] EDIT fantasy_football/controllers/default.py: 0
[2017-11-19 19:27:34] EDIT fantasy_football/views/layout.html: -42
[2017-11-19 19:30:34] EDIT fantasy_football/views/default/index.html: 1
[2017-11-19 19:31:30] EDIT fantasy_football/views/default/index.html: -20
[2017-11-19 19:39:46] EDIT fantasy_football/controllers/default.py: 0
[2017-11-19 19:42:38] EDIT fantasy_football/models/db.py: 0
[2017-11-19 19:42:57] DELETE fantasy_football/models/user_db.py: 0
[2017-11-19 19:50:20] EDIT fantasy_football/views/default/index.html: -20
[2017-11-19 19:51:31] EDIT fantasy_football/views/default/index.html: 20
[2017-11-19 19:51:36] EDIT fantasy_football/views/default/index.html: -1
[2017-11-19 20:06:46] EDIT fantasy_football/controllers/default.py: 0
[2017-11-19 20:08:06] EDIT fantasy_football/controllers/default.py: 0
[2017-11-19 20:08:25] EDIT fantasy_football/controllers/default.py: 0
[2017-11-19 20:09:23] EDIT fantasy_football/controllers/default.py: 0
[2017-11-19 20:09:26] EDIT fantasy_football/controllers/default.py: 0
[2017-11-19 20:10:30] EDIT fantasy_football/controllers/default.py: 1
[2017-11-19 21:08:18] EDIT fantasy_football/models/db.py: 1
[2017-11-19 21:09:07] EDIT fantasy_football/controllers/default.py: -1
[2017-11-19 21:10:23] EDIT fantasy_football/views/default/index.html: 1
[2017-11-19 21:40:10] DELETE fantasy_football/static/vendor.91ae3f351c7055a81a18.bundle.js: -777
[2017-11-19 21:40:14] DELETE fantasy_football/static/styles.d41d8cd98f00b204e980.bundle.css: 0
[2017-11-19 21:40:17] DELETE fantasy_football/static/polyfills.ed762e38550b1ba74505.bundle.js: -71
[2017-11-19 21:40:21] DELETE fantasy_football/static/main.6721e20b7d2e162873eb.bundle.js: -1
[2017-11-19 21:40:26] DELETE fantasy_football/static/inline.83dd66e9552549f6e0ad.bundle.js: -1
[2017-11-19 21:40:29] DELETE fantasy_football/static/index.html: -22
[2017-11-19 21:40:41] UPLOAD /home/www-data/web2py/applications/fantasy_football/static/index.html: 24
[2017-11-19 21:40:48] UPLOAD /home/www-data/web2py/applications/fantasy_football/static/inline.268a238fb535a71f02d2.bundle.js: 1
[2017-11-19 21:51:20] UPLOAD /home/www-data/web2py/applications/fantasy_football/static/main.bbdadc62226b579b7fa6.bundle.js: 1
[2017-11-19 21:51:30] UPLOAD /home/www-data/web2py/applications/fantasy_football/static/polyfills.ed762e38550b1ba74505.bundle.js: 71
[2017-11-19 21:51:38] UPLOAD /home/www-data/web2py/applications/fantasy_football/static/styles.d41d8cd98f00b204e980.bundle.css: 0
[2017-11-19 21:51:54] UPLOAD /home/www-data/web2py/applications/fantasy_football/static/vendor.91ae3f351c7055a81a18.bundle.js: 777
[2017-11-19 21:53:59] EDIT fantasy_football/views/default/index.html: 0
[2017-11-19 21:54:32] EDIT fantasy_football/views/default/index.html: 0
[2017-11-20 01:04:01] EDIT fantasy_football/models/db.py: 4
[2017-11-20 01:05:20] EDIT fantasy_football/models/db.py: 1
[2017-11-20 01:53:40] DELETE fantasy_football/static/index.html: -24
[2017-11-20 01:53:43] DELETE fantasy_football/static/inline.268a238fb535a71f02d2.bundle.js: -1
[2017-11-20 01:53:48] DELETE fantasy_football/static/main.bbdadc62226b579b7fa6.bundle.js: -1
[2017-11-20 01:53:52] DELETE fantasy_football/static/polyfills.ed762e38550b1ba74505.bundle.js: -71
[2017-11-20 01:53:56] DELETE fantasy_football/static/styles.d41d8cd98f00b204e980.bundle.css: 0
[2017-11-20 01:53:59] DELETE fantasy_football/static/vendor.91ae3f351c7055a81a18.bundle.js: -777
[2017-11-20 01:54:08] UPLOAD /home/www-data/web2py/applications/fantasy_football/static/index.html: 24
[2017-11-20 01:54:21] UPLOAD /home/www-data/web2py/applications/fantasy_football/static/inline.aa2479f4d3c29123afcf.bundle.js: 1
[2017-11-20 01:54:29] UPLOAD /home/www-data/web2py/applications/fantasy_football/static/main.ee8f4d18a3e62dafa74f.bundle.js: 1
[2017-11-20 01:54:36] UPLOAD /home/www-data/web2py/applications/fantasy_football/static/polyfills.ed762e38550b1ba74505.bundle.js: 71
[2017-11-20 01:54:44] UPLOAD /home/www-data/web2py/applications/fantasy_football/static/styles.d41d8cd98f00b204e980.bundle.css: 0
[2017-11-20 01:54:54] UPLOAD /home/www-data/web2py/applications/fantasy_football/static/vendor.d7c2bed3c0d3f01cd8f4.bundle.js: 777
[2017-11-20 01:56:22] EDIT fantasy_football/views/default/index.html: 0
[2017-11-20 01:56:50] EDIT fantasy_football/views/default/index.html: 0
[2017-11-20 01:57:00] EDIT fantasy_football/views/default/index.html: 0
[2017-11-20 01:57:10] EDIT fantasy_football/views/default/index.html: 0
[2017-11-20 01:57:20] EDIT fantasy_football/views/default/index.html: 0
[2017-11-20 01:57:35] EDIT fantasy_football/views/default/index.html: 0
[2017-11-20 02:00:11] DELETE fantasy_football/static/main.ee8f4d18a3e62dafa74f.bundle.js: -1
[2017-11-20 02:00:17] DELETE fantasy_football/static/polyfills.ed762e38550b1ba74505.bundle.js: -71
[2017-11-20 02:00:20] DELETE fantasy_football/static/styles.d41d8cd98f00b204e980.bundle.css: 0
[2017-11-20 02:00:23] DELETE fantasy_football/static/vendor.d7c2bed3c0d3f01cd8f4.bundle.js: -777
[2017-11-20 02:00:27] DELETE fantasy_football/static/inline.aa2479f4d3c29123afcf.bundle.js: -1
[2017-11-20 02:00:30] DELETE fantasy_football/static/index.html: -24
[2017-11-20 02:00:41] UPLOAD /home/www-data/web2py/applications/fantasy_football/static/index.html: 24
[2017-11-20 02:00:48] UPLOAD /home/www-data/web2py/applications/fantasy_football/static/inline.e9435a7818002c5e52dd.bundle.js: 1
[2017-11-20 02:00:58] UPLOAD /home/www-data/web2py/applications/fantasy_football/static/main.d1a766e1897285e60b8e.bundle.js: 1
[2017-11-20 02:01:06] UPLOAD /home/www-data/web2py/applications/fantasy_football/static/polyfills.ed762e38550b1ba74505.bundle.js: 71
[2017-11-20 02:01:13] UPLOAD /home/www-data/web2py/applications/fantasy_football/static/styles.d41d8cd98f00b204e980.bundle.css: 0
[2017-11-20 02:01:22] UPLOAD /home/www-data/web2py/applications/fantasy_football/static/vendor.44ac7e864ea905f8c17e.bundle.js: 777
[2017-11-20 02:01:59] EDIT fantasy_football/views/default/index.html: 0
[2017-11-20 02:02:11] EDIT fantasy_football/views/default/index.html: 0
[2017-11-20 02:02:21] EDIT fantasy_football/views/default/index.html: 0
[2017-11-20 02:02:31] EDIT fantasy_football/views/default/index.html: 0
[2017-11-20 02:02:45] EDIT fantasy_football/views/default/index.html: 0
[2017-11-21 20:49:07] CREATE pass_login.js: 0
[2017-11-21 20:49:57] EDIT fantasy_football/static/pass_login.js: 3
[2017-11-21 20:54:30] DELETE fantasy_football/static/index.html: -24
[2017-11-21 20:54:34] DELETE fantasy_football/static/inline.e9435a7818002c5e52dd.bundle.js: -1
[2017-11-21 20:54:41] DELETE fantasy_football/static/main.d1a766e1897285e60b8e.bundle.js: -1
[2017-11-21 20:54:45] DELETE fantasy_football/static/polyfills.ed762e38550b1ba74505.bundle.js: -71
[2017-11-21 20:54:49] DELETE fantasy_football/static/styles.d41d8cd98f00b204e980.bundle.css: 0
[2017-11-21 20:54:54] DELETE fantasy_football/static/vendor.44ac7e864ea905f8c17e.bundle.js: -777
[2017-11-21 20:55:02] UPLOAD /home/www-data/web2py/applications/fantasy_football/static/index.html: 24
[2017-11-21 20:55:11] UPLOAD /home/www-data/web2py/applications/fantasy_football/static/inline.226b289ae97bd03091ce.bundle.js: 1
[2017-11-21 20:55:20] UPLOAD /home/www-data/web2py/applications/fantasy_football/static/main.56242e0c3cea0567bf74.bundle.js: 1
[2017-11-21 20:55:28] UPLOAD /home/www-data/web2py/applications/fantasy_football/static/polyfills.ed762e38550b1ba74505.bundle.js: 71
[2017-11-21 20:55:37] UPLOAD /home/www-data/web2py/applications/fantasy_football/static/styles.d41d8cd98f00b204e980.bundle.css: 0
[2017-11-21 20:55:46] UPLOAD /home/www-data/web2py/applications/fantasy_football/static/vendor.44ac7e864ea905f8c17e.bundle.js: 777
[2017-11-21 20:56:21] EDIT fantasy_football/views/default/index.html: 1
[2017-11-21 20:56:40] EDIT fantasy_football/controllers/default.py: 0
[2017-11-21 20:56:45] EDIT fantasy_football/controllers/default.py: 0
[2017-11-21 20:57:31] EDIT fantasy_football/views/default/index.html: 0
[2017-11-21 20:57:44] EDIT fantasy_football/views/default/index.html: 0
[2017-11-21 20:57:56] EDIT fantasy_football/views/default/index.html: 0
[2017-11-21 20:58:06] EDIT fantasy_football/views/default/index.html: 0
[2017-11-21 20:58:15] EDIT fantasy_football/views/default/index.html: 0
[2017-11-21 21:20:08] EDIT fantasy_football/views/default/index.html: 12
[2017-11-21 21:23:03] EDIT fantasy_football/views/default/index.html: 4
[2017-11-21 21:29:09] EDIT fantasy_football/controllers/default.py: 0
[2017-11-21 21:30:43] EDIT fantasy_football/static/pass_login.js: 1
[2017-11-21 21:35:29] EDIT fantasy_football/views/default/index.html: 2
[2017-11-21 21:37:33] EDIT fantasy_football/views/default/index.html: 7
[2017-11-21 21:40:31] EDIT fantasy_football/views/default/index.html: 0
[2017-11-21 21:41:33] EDIT fantasy_football/static/pass_login.js: 0
[2017-11-21 21:44:26] EDIT fantasy_football/views/default/index.html: 3
[2017-11-21 21:44:38] EDIT fantasy_football/views/default/index.html: 0
[2017-11-21 21:44:48] EDIT fantasy_football/views/default/index.html: 0
[2017-11-21 21:50:20] EDIT fantasy_football/static/pass_login.js: -1
[2017-11-21 21:51:19] EDIT fantasy_football/views/default/index.html: 0
[2017-11-21 21:51:39] EDIT fantasy_football/controllers/default.py: 0
[2017-11-21 21:53:06] EDIT fantasy_football/views/default/index.html: 0
[2017-11-21 21:53:38] EDIT fantasy_football/controllers/default.py: 0
[2017-11-21 22:20:16] EDIT fantasy_football/views/default/index.html: -4
[2017-11-21 22:20:43] DELETE fantasy_football/static/pass_login.js: -3
[2017-11-21 22:20:47] DELETE fantasy_football/static/pass_login.js.bak: -4
[2017-11-21 22:21:26] EDIT fantasy_football/views/default/index.html: 4
[2017-11-21 22:22:54] EDIT fantasy_football/views/default/index.html: 1
[2017-11-21 22:26:18] EDIT fantasy_football/models/db.py: 1
[2017-11-21 22:31:34] EDIT fantasy_football/controllers/default.py: 1
[2017-11-21 22:33:45] EDIT fantasy_football/views/default/index.html: 0
[2017-11-21 22:37:16] EDIT fantasy_football/views/default/index.html: 0
[2017-11-21 22:38:35] EDIT fantasy_football/controllers/default.py: 0
[2017-11-21 22:47:14] EDIT fantasy_football/controllers/default.py: 0
[2017-11-21 22:49:43] EDIT fantasy_football/views/default/index.html: 0
[2017-11-21 22:55:17] EDIT fantasy_football/controllers/default.py: 0
[2017-11-21 22:55:38] EDIT fantasy_football/models/db.py: 0
[2017-11-21 22:57:37] EDIT fantasy_football/views/default/index.html: 1
[2017-11-21 23:00:07] EDIT fantasy_football/views/default/index.html: -1
[2017-11-21 23:03:47] EDIT fantasy_football/views/default/index.html: 0
[2017-11-21 23:04:09] EDIT fantasy_football/views/default/index.html: 0
[2017-11-21 23:04:35] EDIT fantasy_football/views/default/index.html: 0
[2017-11-21 23:11:39] EDIT fantasy_football/views/default/index.html: 0
[2017-11-21 23:11:49] EDIT fantasy_football/views/default/index.html: 0
[2017-11-21 23:12:04] EDIT fantasy_football/views/default/index.html: 0
[2017-11-21 23:12:14] EDIT fantasy_football/views/default/index.html: 0
[2017-11-21 23:12:38] DELETE fantasy_football/static/inline.226b289ae97bd03091ce.bundle.js: -1
[2017-11-21 23:12:46] DELETE fantasy_football/static/main.56242e0c3cea0567bf74.bundle.js: -1
[2017-11-21 23:12:49] DELETE fantasy_football/static/polyfills.ed762e38550b1ba74505.bundle.js: -71
[2017-11-21 23:12:53] DELETE fantasy_football/static/vendor.44ac7e864ea905f8c17e.bundle.js: -777
[2017-11-21 23:13:03] UPLOAD /home/www-data/web2py/applications/fantasy_football/static/inline.fca6ebdd1ff753c516be.bundle.js: 1
[2017-11-21 23:13:07] DELETE fantasy_football/static/index.html: -24
[2017-11-21 23:13:14] UPLOAD /home/www-data/web2py/applications/fantasy_football/static/index.html: 24
[2017-11-21 23:13:24] UPLOAD /home/www-data/web2py/applications/fantasy_football/static/main.e23a41c695fbb4e27664.bundle.js: 1
[2017-11-21 23:13:31] UPLOAD /home/www-data/web2py/applications/fantasy_football/static/polyfills.ed762e38550b1ba74505.bundle.js: 71
[2017-11-21 23:13:42] UPLOAD /home/www-data/web2py/applications/fantasy_football/static/vendor.44ac7e864ea905f8c17e.bundle.js: 777
[2017-11-21 23:15:52] EDIT fantasy_football/views/default/index.html: 0
[2017-11-21 23:16:05] EDIT fantasy_football/views/default/index.html: 0
[2017-11-21 23:16:16] EDIT fantasy_football/views/default/index.html: 0
[2017-11-21 23:16:28] EDIT fantasy_football/views/default/index.html: 0
[2017-11-21 23:16:39] DELETE fantasy_football/static/main.e23a41c695fbb4e27664.bundle.js: -1
[2017-11-21 23:16:43] DELETE fantasy_football/static/inline.fca6ebdd1ff753c516be.bundle.js: -1
[2017-11-21 23:16:47] DELETE fantasy_football/static/polyfills.ed762e38550b1ba74505.bundle.js: -71
[2017-11-21 23:16:50] DELETE fantasy_football/static/vendor.44ac7e864ea905f8c17e.bundle.js: -777
[2017-11-21 23:16:54] DELETE fantasy_football/static/index.html: -24
[2017-11-21 23:17:01] UPLOAD /home/www-data/web2py/applications/fantasy_football/static/index.html: 24
[2017-11-21 23:17:09] UPLOAD /home/www-data/web2py/applications/fantasy_football/static/inline.68450d252075286f21c7.bundle.js: 1
[2017-11-21 23:17:18] UPLOAD /home/www-data/web2py/applications/fantasy_football/static/main.e719b93c05d88d05ad52.bundle.js: 1
[2017-11-21 23:17:24] UPLOAD /home/www-data/web2py/applications/fantasy_football/static/polyfills.ed762e38550b1ba74505.bundle.js: 71
[2017-11-21 23:17:33] UPLOAD /home/www-data/web2py/applications/fantasy_football/static/vendor.44ac7e864ea905f8c17e.bundle.js: 777
[2017-11-21 23:18:44] EDIT fantasy_football/views/default/index.html: 0
[2017-11-21 23:20:22] EDIT fantasy_football/views/default/index.html: 0
[2017-11-21 23:20:35] EDIT fantasy_football/views/default/index.html: 0
[2017-11-21 23:21:24] EDIT fantasy_football/views/default/index.html: 0
[2017-11-21 23:22:00] EDIT fantasy_football/views/default/index.html: 0
[2017-11-21 23:22:17] EDIT fantasy_football/views/default/index.html: 0
[2017-11-21 23:22:42] EDIT fantasy_football/views/default/index.html: 0
[2017-11-21 23:22:50] EDIT fantasy_football/views/default/index.html: 0
[2017-11-21 23:23:03] EDIT fantasy_football/views/default/index.html: 0
[2017-11-21 23:23:06] EDIT fantasy_football/views/default/index.html: 0
[2017-11-21 23:23:19] EDIT fantasy_football/views/default/index.html: 0
[2017-11-21 23:25:27] EDIT fantasy_football/views/default/index.html: 0
[2017-11-21 23:34:56] EDIT fantasy_football/views/default/index.html: 3
[2017-11-21 23:57:27] CREATE ff_test.js: 0
[2017-11-21 23:57:40] EDIT fantasy_football/static/ff_test.js: 1
[2017-11-21 23:57:58] EDIT fantasy_football/views/default/index.html: 1
[2017-11-21 23:59:52] EDIT fantasy_football/views/default/index.html: 4
[2017-11-22 00:00:50] EDIT fantasy_football/views/default/index.html: 1
[2017-11-22 00:01:55] EDIT fantasy_football/views/default/index.html: 0
[2017-11-22 00:05:28] EDIT fantasy_football/views/default/index.html: 0
[2017-11-22 00:09:58] EDIT fantasy_football/views/default/index.html: 0
[2017-11-22 00:11:04] EDIT fantasy_football/controllers/default.py: 0
[2017-11-22 00:19:59] EDIT fantasy_football/views/default/index.html: -4
[2017-11-22 00:20:14] EDIT fantasy_football/views/default/index.html: 5
[2017-11-22 00:32:31] EDIT fantasy_football/views/default/index.html: -1
[2017-11-22 00:33:25] EDIT fantasy_football/views/default/index.html: 0
[2017-11-22 00:35:44] EDIT fantasy_football/static/ff_test.js: 2
[2017-11-22 00:36:16] EDIT fantasy_football/static/ff_test.js: 0
[2017-11-22 00:38:22] EDIT fantasy_football/views/default/index.html: 0
[2017-11-22 00:39:43] EDIT fantasy_football/views/default/index.html: 0
[2017-11-22 00:40:18] EDIT fantasy_football/views/default/index.html: 0
[2017-11-22 00:45:19] EDIT fantasy_football/views/default/index.html: 1
[2017-11-22 00:45:27] EDIT fantasy_football/views/default/index.html: 0
[2017-11-22 00:45:34] EDIT fantasy_football/views/default/index.html: 0
[2017-11-22 00:47:05] EDIT fantasy_football/views/default/index.html: 0
[2017-11-22 00:47:37] EDIT fantasy_football/views/default/index.html: 0
[2017-11-22 00:49:04] EDIT fantasy_football/views/default/index.html: 0
[2017-11-22 00:49:20] EDIT fantasy_football/views/default/index.html: 0
[2017-11-22 00:49:29] EDIT fantasy_football/views/default/index.html: 0
[2017-11-22 00:49:35] EDIT fantasy_football/views/default/index.html: 0
[2017-11-22 00:50:14] EDIT fantasy_football/views/default/index.html: 0
[2017-11-22 00:50:52] EDIT fantasy_football/views/default/index.html: 0
[2017-11-22 00:51:22] EDIT fantasy_football/views/default/index.html: 0
[2017-11-22 00:52:05] EDIT fantasy_football/views/default/index.html: 0
[2017-11-22 00:52:20] EDIT fantasy_football/views/default/index.html: 0
[2017-11-22 00:52:34] EDIT fantasy_football/views/default/index.html: 0
[2017-11-22 00:52:44] EDIT fantasy_football/views/default/index.html: 0
[2017-11-22 00:52:52] EDIT fantasy_football/views/default/index.html: 0
[2017-11-22 00:55:12] EDIT fantasy_football/views/default/index.html: -10
[2017-11-22 00:55:19] EDIT fantasy_football/views/default/index.html: 0
[2017-11-22 00:56:41] EDIT fantasy_football/views/default/index.html: -1
[2017-11-22 00:57:33] EDIT fantasy_football/views/default/index.html: 0
[2017-11-22 00:58:34] EDIT fantasy_football/views/default/index.html: -1
[2017-11-22 00:59:46] EDIT fantasy_football/views/default/index.html: 0
[2017-11-22 00:59:49] EDIT fantasy_football/views/default/index.html: 0
[2017-11-22 01:03:11] EDIT fantasy_football/views/default/index.html: 0
[2017-11-22 01:04:13] EDIT fantasy_football/views/default/index.html: 0
[2017-11-22 01:04:35] EDIT fantasy_football/views/default/index.html: 0
[2017-11-22 01:07:12] DELETE fantasy_football/static/index.html: -24
[2017-11-22 01:07:15] DELETE fantasy_football/static/inline.68450d252075286f21c7.bundle.js: -1
[2017-11-22 01:07:20] DELETE fantasy_football/static/main.e719b93c05d88d05ad52.bundle.js: -1
[2017-11-22 01:07:23] DELETE fantasy_football/static/polyfills.ed762e38550b1ba74505.bundle.js: -71
[2017-11-22 01:07:26] DELETE fantasy_football/static/styles.d41d8cd98f00b204e980.bundle.css: 0
[2017-11-22 01:07:29] DELETE fantasy_football/static/vendor.44ac7e864ea905f8c17e.bundle.js: -777
[2017-11-22 01:07:33] DELETE fantasy_football/static/ff_test.js: -3
[2017-11-22 01:07:36] DELETE fantasy_football/static/ff_test.js.bak: -3
[2017-11-22 01:07:43] UPLOAD /home/www-data/web2py/applications/fantasy_football/modules/index.html.py: 24
[2017-11-22 01:07:52] DELETE fantasy_football/modules/index.html.py: -24
[2017-11-22 01:08:00] UPLOAD /home/www-data/web2py/applications/fantasy_football/static/index.html: 24
[2017-11-22 01:08:08] UPLOAD /home/www-data/web2py/applications/fantasy_football/static/inline.4794a24ccdc8967e205c.bundle.js: 1
[2017-11-22 01:08:14] UPLOAD /home/www-data/web2py/applications/fantasy_football/static/main.f08a891706799f3ddcfb.bundle.js: 1
[2017-11-22 01:08:20] UPLOAD /home/www-data/web2py/applications/fantasy_football/static/polyfills.ed762e38550b1ba74505.bundle.js: 71
[2017-11-22 01:08:26] UPLOAD /home/www-data/web2py/applications/fantasy_football/static/styles.d41d8cd98f00b204e980.bundle.css: 0
[2017-11-22 01:08:33] UPLOAD /home/www-data/web2py/applications/fantasy_football/static/vendor.44ac7e864ea905f8c17e.bundle.js: 777
[2017-11-22 01:08:54] EDIT fantasy_football/views/default/index.html: 0
[2017-11-22 01:09:04] EDIT fantasy_football/views/default/index.html: 0
[2017-11-22 01:09:14] EDIT fantasy_football/views/default/index.html: 0
[2017-11-22 01:09:25] EDIT fantasy_football/views/default/index.html: 0
[2017-11-22 01:09:40] EDIT fantasy_football/views/default/index.html: 0
[2017-11-22 22:09:13] EDIT fantasy_football/controllers/default.py: 8
[2017-11-22 22:09:28] CREATE default/get_data.html: 0
[2017-11-22 22:09:38] CREATE default/save_to_db.html: 0
[2017-11-22 22:10:01] EDIT fantasy_football/views/default/save_to_db.html: -2
[2017-11-22 22:10:17] EDIT fantasy_football/views/default/get_data.html: -2
[2017-11-22 22:11:32] EDIT fantasy_football/views/default/index.html: 19
[2017-11-22 22:11:39] EDIT fantasy_football/views/default/index.html: 0
[2017-11-22 22:13:46] EDIT fantasy_football/models/db.py: 0
[2017-11-22 22:14:41] EDIT fantasy_football/models/db.py: 1
[2017-11-22 22:14:49] EDIT fantasy_football/models/db.py: 0
[2017-11-22 22:14:57] EDIT fantasy_football/models/db.py: 0
[2017-11-22 22:17:33] EDIT fantasy_football/controllers/default.py: 4
[2017-11-22 22:17:54] EDIT fantasy_football/controllers/default.py: 2
[2017-11-22 22:19:04] EDIT fantasy_football/controllers/default.py: 4
[2017-11-22 22:19:27] EDIT fantasy_football/controllers/default.py: 0
[2017-11-22 22:19:49] EDIT fantasy_football/controllers/default.py: 2
[2017-11-22 22:20:40] EDIT fantasy_football/views/default/index.html: 0
[2017-11-22 22:20:53] EDIT fantasy_football/views/default/index.html: 0
[2017-11-22 22:23:23] EDIT fantasy_football/controllers/default.py: 0
[2017-11-22 22:45:20] EDIT fantasy_football/views/default/index.html: 3
[2017-11-22 22:45:24] EDIT fantasy_football/views/default/index.html: 0
[2017-11-22 23:05:28] EDIT fantasy_football/views/default/index.html: 0
[2017-11-22 23:05:39] EDIT fantasy_football/views/default/index.html: 0
[2017-11-22 23:05:49] EDIT fantasy_football/views/default/index.html: 0
[2017-11-22 23:06:09] EDIT fantasy_football/views/default/index.html: 0
[2017-11-22 23:06:25] EDIT fantasy_football/views/default/index.html: 0
[2017-11-22 23:06:37] DELETE fantasy_football/static/index.html: -24
[2017-11-22 23:06:43] DELETE fantasy_football/static/inline.4794a24ccdc8967e205c.bundle.js: -1
[2017-11-22 23:06:51] DELETE fantasy_football/static/main.f08a891706799f3ddcfb.bundle.js: -1
[2017-11-22 23:06:56] DELETE fantasy_football/static/polyfills.ed762e38550b1ba74505.bundle.js: -71
[2017-11-22 23:06:59] DELETE fantasy_football/static/styles.d41d8cd98f00b204e980.bundle.css: 0
[2017-11-22 23:07:02] DELETE fantasy_football/static/vendor.44ac7e864ea905f8c17e.bundle.js: -777
[2017-11-22 23:07:20] UPLOAD /home/www-data/web2py/applications/fantasy_football/static/index.html: 24
[2017-11-22 23:07:28] UPLOAD /home/www-data/web2py/applications/fantasy_football/static/inline.57fc3c41cf03412d187a.bundle.js: 1
[2017-11-22 23:07:35] UPLOAD /home/www-data/web2py/applications/fantasy_football/static/main.083f105f94331c596179.bundle.js: 1
[2017-11-22 23:07:41] UPLOAD /home/www-data/web2py/applications/fantasy_football/static/polyfills.ed762e38550b1ba74505.bundle.js: 71
[2017-11-22 23:07:48] UPLOAD /home/www-data/web2py/applications/fantasy_football/static/styles.d41d8cd98f00b204e980.bundle.css: 0
[2017-11-22 23:07:57] UPLOAD /home/www-data/web2py/applications/fantasy_football/static/vendor.44ac7e864ea905f8c17e.bundle.js: 777
[2017-11-22 23:09:13] EDIT fantasy_football/controllers/default.py: -1
[2017-11-22 23:19:37] EDIT fantasy_football/views/default/index.html: 9
[2017-11-22 23:19:54] EDIT fantasy_football/views/default/index.html: 0
[2017-11-22 23:30:15] EDIT fantasy_football/views/default/index.html: 0
[2017-11-22 23:30:26] EDIT fantasy_football/views/default/index.html: 0
[2017-11-22 23:30:36] EDIT fantasy_football/views/default/index.html: 0
[2017-11-22 23:31:13] EDIT fantasy_football/views/default/index.html: 0
[2017-11-22 23:31:28] EDIT fantasy_football/views/default/index.html: 0
[2017-11-22 23:31:36] DELETE fantasy_football/static/inline.57fc3c41cf03412d187a.bundle.js: -1
[2017-11-22 23:31:39] DELETE fantasy_football/static/index.html: -24
[2017-11-22 23:31:42] DELETE fantasy_football/static/main.083f105f94331c596179.bundle.js: -1
[2017-11-22 23:31:46] DELETE fantasy_football/static/polyfills.ed762e38550b1ba74505.bundle.js: -71
[2017-11-22 23:31:49] DELETE fantasy_football/static/styles.d41d8cd98f00b204e980.bundle.css: 0
[2017-11-22 23:31:52] DELETE fantasy_football/static/vendor.44ac7e864ea905f8c17e.bundle.js: -777
[2017-11-22 23:31:59] DELETE fantasy_football/static/forms.css: -6
[2017-11-22 23:32:16] UPLOAD /home/www-data/web2py/applications/fantasy_football/static/forms.css: 6
[2017-11-22 23:32:25] UPLOAD /home/www-data/web2py/applications/fantasy_football/static/index.html: 24
[2017-11-22 23:32:32] UPLOAD /home/www-data/web2py/applications/fantasy_football/static/inline.6e5bd19b8399daa2406c.bundle.js: 1
[2017-11-22 23:32:39] UPLOAD /home/www-data/web2py/applications/fantasy_football/static/main.4833b0f17ddfc2c932ec.bundle.js: 1
[2017-11-22 23:32:45] UPLOAD /home/www-data/web2py/applications/fantasy_football/static/polyfills.ed762e38550b1ba74505.bundle.js: 71
[2017-11-22 23:32:51] UPLOAD /home/www-data/web2py/applications/fantasy_football/static/styles.d41d8cd98f00b204e980.bundle.css: 0
[2017-11-22 23:32:57] UPLOAD /home/www-data/web2py/applications/fantasy_football/static/vendor.44ac7e864ea905f8c17e.bundle.js: 777
[2017-11-22 23:37:26] EDIT fantasy_football/controllers/default.py: 0
[2017-11-22 23:37:40] EDIT fantasy_football/controllers/default.py: 0
[2017-11-22 23:42:35] EDIT fantasy_football/controllers/default.py: 0
[2017-11-22 23:42:45] EDIT fantasy_football/controllers/default.py: 0
[2017-11-22 23:43:51] EDIT fantasy_football/views/default/index.html: 0
[2017-11-22 23:46:17] EDIT fantasy_football/views/default/index.html: 0
[2017-11-22 23:46:32] EDIT fantasy_football/views/default/index.html: 0
[2017-11-22 23:46:47] EDIT fantasy_football/views/default/index.html: 0
[2017-11-22 23:47:47] EDIT fantasy_football/views/default/index.html: 1
[2017-11-22 23:48:07] EDIT fantasy_football/views/default/index.html: 1
[2017-11-22 23:48:54] EDIT fantasy_football/views/default/index.html: 1
[2017-11-22 23:51:31] EDIT fantasy_football/views/default/index.html: 0
[2017-11-22 23:52:46] EDIT fantasy_football/controllers/default.py: 2
[2017-11-22 23:52:59] EDIT fantasy_football/controllers/default.py: 1
[2017-11-22 23:53:06] EDIT fantasy_football/controllers/default.py: 1
[2017-11-22 23:55:12] EDIT fantasy_football/views/default/index.html: 1
[2017-11-22 23:55:34] EDIT fantasy_football/views/default/index.html: 1
[2017-11-23 00:29:36] EDIT fantasy_football/views/default/index.html: 3
[2017-11-23 00:40:47] EDIT fantasy_football/views/default/index.html: 0
[2017-11-23 00:41:00] EDIT fantasy_football/views/default/index.html: 0
[2017-11-23 00:41:12] EDIT fantasy_football/views/default/index.html: 0
[2017-11-23 00:41:23] EDIT fantasy_football/views/default/index.html: 0
[2017-11-23 00:41:34] EDIT fantasy_football/views/default/index.html: 0
[2017-11-23 00:41:48] DELETE fantasy_football/static/index.html: -24
[2017-11-23 00:41:51] DELETE fantasy_football/static/inline.6e5bd19b8399daa2406c.bundle.js: -1
[2017-11-23 00:41:54] DELETE fantasy_football/static/main.4833b0f17ddfc2c932ec.bundle.js: -1
[2017-11-23 00:41:56] DELETE fantasy_football/static/polyfills.ed762e38550b1ba74505.bundle.js: -71
[2017-11-23 00:41:59] DELETE fantasy_football/static/styles.d41d8cd98f00b204e980.bundle.css: 0
[2017-11-23 00:42:02] DELETE fantasy_football/static/vendor.44ac7e864ea905f8c17e.bundle.js: -777
[2017-11-23 00:42:16] UPLOAD /home/www-data/web2py/applications/fantasy_football/static/index.html: 24
[2017-11-23 00:42:23] UPLOAD /home/www-data/web2py/applications/fantasy_football/static/inline.3542591741332f90160c.bundle.js: 1
[2017-11-23 00:42:29] UPLOAD /home/www-data/web2py/applications/fantasy_football/static/main.33bf7d7731f1bc57b541.bundle.js: 1
[2017-11-23 00:42:36] UPLOAD /home/www-data/web2py/applications/fantasy_football/static/polyfills.ed762e38550b1ba74505.bundle.js: 71
[2017-11-23 00:42:42] UPLOAD /home/www-data/web2py/applications/fantasy_football/static/styles.d41d8cd98f00b204e980.bundle.css: 0
[2017-11-23 00:42:48] UPLOAD /home/www-data/web2py/applications/fantasy_football/static/vendor.44ac7e864ea905f8c17e.bundle.js: 777
[2017-11-23 00:53:50] DELETE fantasy_football/static/vendor.44ac7e864ea905f8c17e.bundle.js: -777
[2017-11-23 00:54:00] DELETE fantasy_football/static/styles.d41d8cd98f00b204e980.bundle.css: 0
[2017-11-23 00:54:03] DELETE fantasy_football/static/polyfills.ed762e38550b1ba74505.bundle.js: -71
[2017-11-23 00:54:06] DELETE fantasy_football/static/main.33bf7d7731f1bc57b541.bundle.js: -1
[2017-11-23 00:54:09] DELETE fantasy_football/static/inline.3542591741332f90160c.bundle.js: -1
[2017-11-23 00:54:12] DELETE fantasy_football/static/index.html: -24
[2017-11-23 00:54:34] UPLOAD /home/www-data/web2py/applications/fantasy_football/static/index.html: 24
[2017-11-23 00:54:50] UPLOAD /home/www-data/web2py/applications/fantasy_football/static/inline.f1f2c1d74bbf47da76c1.bundle.js: 1
[2017-11-23 00:54:57] UPLOAD /home/www-data/web2py/applications/fantasy_football/static/main.79861fc3d10a88a0eae4.bundle.js: 1
[2017-11-23 00:55:04] UPLOAD /home/www-data/web2py/applications/fantasy_football/static/polyfills.ed762e38550b1ba74505.bundle.js: 71
[2017-11-23 00:55:12] UPLOAD /home/www-data/web2py/applications/fantasy_football/static/styles.d41d8cd98f00b204e980.bundle.css: 0
[2017-11-23 00:55:19] UPLOAD /home/www-data/web2py/applications/fantasy_football/static/vendor.44ac7e864ea905f8c17e.bundle.js: 777
[2017-11-23 00:56:09] UPLOAD /home/www-data/web2py/applications/fantasy_football/static/football.png: 25
[2017-11-23 00:57:02] EDIT fantasy_football/views/default/index.html: 0
[2017-11-23 00:57:13] EDIT fantasy_football/views/default/index.html: 0
[2017-11-23 00:57:23] EDIT fantasy_football/views/default/index.html: 0
[2017-11-23 00:57:36] EDIT fantasy_football/views/default/index.html: 0
[2017-11-23 00:57:51] EDIT fantasy_football/views/default/index.html: 0
[2017-11-23 01:02:28] EDIT fantasy_football/views/default/index.html: 0
[2017-11-23 01:02:49] EDIT fantasy_football/views/default/index.html: 0
[2017-11-23 01:03:00] EDIT fantasy_football/views/default/index.html: 0
[2017-11-23 01:03:09] EDIT fantasy_football/views/default/index.html: 0
[2017-11-23 01:03:21] EDIT fantasy_football/views/default/index.html: 0
[2017-11-23 01:03:42] DELETE fantasy_football/static/index.html: -24
[2017-11-23 01:03:46] DELETE fantasy_football/static/inline.f1f2c1d74bbf47da76c1.bundle.js: -1
[2017-11-23 01:03:48] DELETE fantasy_football/static/main.79861fc3d10a88a0eae4.bundle.js: -1
[2017-11-23 01:03:51] DELETE fantasy_football/static/polyfills.ed762e38550b1ba74505.bundle.js: -71
[2017-11-23 01:03:53] DELETE fantasy_football/static/styles.d41d8cd98f00b204e980.bundle.css: 0
[2017-11-23 01:03:56] DELETE fantasy_football/static/vendor.44ac7e864ea905f8c17e.bundle.js: -777
[2017-11-23 01:04:11] UPLOAD /home/www-data/web2py/applications/fantasy_football/static/index.html: 24
[2017-11-23 01:04:17] UPLOAD /home/www-data/web2py/applications/fantasy_football/static/inline.ac6ef06c6c3771715477.bundle.js: 1
[2017-11-23 01:04:24] UPLOAD /home/www-data/web2py/applications/fantasy_football/static/main.235e291ac4eb5b335a32.bundle.js: 1
[2017-11-23 01:04:30] UPLOAD /home/www-data/web2py/applications/fantasy_football/static/polyfills.ed762e38550b1ba74505.bundle.js: 71
[2017-11-23 01:04:36] UPLOAD /home/www-data/web2py/applications/fantasy_football/static/styles.d41d8cd98f00b204e980.bundle.css: 0
[2017-11-23 01:04:42] UPLOAD /home/www-data/web2py/applications/fantasy_football/static/vendor.44ac7e864ea905f8c17e.bundle.js: 777
[2017-11-23 01:10:12] EDIT fantasy_football/views/default/index.html: 1
[2017-11-23 01:17:18] EDIT fantasy_football/views/default/index.html: -1
[2017-11-23 01:22:12] EDIT fantasy_football/views/default/index.html: 0
[2017-11-23 01:22:25] EDIT fantasy_football/views/default/index.html: 0
[2017-11-23 01:22:38] EDIT fantasy_football/views/default/index.html: 0
[2017-11-23 01:22:52] EDIT fantasy_football/views/default/index.html: 0
[2017-11-23 01:23:08] EDIT fantasy_football/views/default/index.html: 0
[2017-11-23 01:23:18] DELETE fantasy_football/static/index.html: -24
[2017-11-23 01:23:21] DELETE fantasy_football/static/inline.ac6ef06c6c3771715477.bundle.js: -1
[2017-11-23 01:23:23] DELETE fantasy_football/static/main.235e291ac4eb5b335a32.bundle.js: -1
[2017-11-23 01:23:26] DELETE fantasy_football/static/polyfills.ed762e38550b1ba74505.bundle.js: -71
[2017-11-23 01:23:28] DELETE fantasy_football/static/styles.d41d8cd98f00b204e980.bundle.css: 0
[2017-11-23 01:23:31] DELETE fantasy_football/static/vendor.44ac7e864ea905f8c17e.bundle.js: -777
[2017-11-23 01:23:42] UPLOAD /home/www-data/web2py/applications/fantasy_football/static/index.html: 24
[2017-11-23 01:23:51] UPLOAD /home/www-data/web2py/applications/fantasy_football/static/inline.9adde0c8d94709fd8ec7.bundle.js: 1
[2017-11-23 01:23:57] UPLOAD /home/www-data/web2py/applications/fantasy_football/static/main.3030ab6d3a05d540f524.bundle.js: 1
[2017-11-23 01:24:03] UPLOAD /home/www-data/web2py/applications/fantasy_football/static/polyfills.ed762e38550b1ba74505.bundle.js: 71
[2017-11-23 01:24:09] UPLOAD /home/www-data/web2py/applications/fantasy_football/static/styles.d41d8cd98f00b204e980.bundle.css: 0
[2017-11-23 01:24:14] UPLOAD /home/www-data/web2py/applications/fantasy_football/static/vendor.44ac7e864ea905f8c17e.bundle.js: 777
[2017-11-23 01:41:06] EDIT fantasy_football/views/default/index.html: 1
[2017-11-23 01:43:27] EDIT fantasy_football/views/default/index.html: 0
[2017-11-23 01:43:38] EDIT fantasy_football/views/default/index.html: 0
[2017-11-23 01:43:48] EDIT fantasy_football/views/default/index.html: 0
[2017-11-23 01:43:56] EDIT fantasy_football/views/default/index.html: 0
[2017-11-23 01:44:09] EDIT fantasy_football/views/default/index.html: 0
[2017-11-23 01:44:18] DELETE fantasy_football/static/inline.9adde0c8d94709fd8ec7.bundle.js: -1
[2017-11-23 01:44:21] DELETE fantasy_football/static/index.html: -24
[2017-11-23 01:44:25] DELETE fantasy_football/static/main.3030ab6d3a05d540f524.bundle.js: -1
[2017-11-23 01:44:28] DELETE fantasy_football/static/polyfills.ed762e38550b1ba74505.bundle.js: -71
[2017-11-23 01:44:32] DELETE fantasy_football/static/styles.d41d8cd98f00b204e980.bundle.css: 0
[2017-11-23 01:44:37] DELETE fantasy_football/static/vendor.44ac7e864ea905f8c17e.bundle.js: -777
[2017-11-23 01:44:49] UPLOAD /home/www-data/web2py/applications/fantasy_football/static/index.html: 24
[2017-11-23 01:44:56] UPLOAD /home/www-data/web2py/applications/fantasy_football/static/inline.431c68993736c4b9785e.bundle.js: 1
[2017-11-23 01:45:03] UPLOAD /home/www-data/web2py/applications/fantasy_football/static/main.e63364e16fa04b8b4f89.bundle.js: 1
[2017-11-23 01:45:11] UPLOAD /home/www-data/web2py/applications/fantasy_football/static/polyfills.ed762e38550b1ba74505.bundle.js: 71
[2017-11-23 01:45:17] UPLOAD /home/www-data/web2py/applications/fantasy_football/static/styles.d41d8cd98f00b204e980.bundle.css: 0
[2017-11-23 01:45:24] UPLOAD /home/www-data/web2py/applications/fantasy_football/static/vendor.44ac7e864ea905f8c17e.bundle.js: 777
[2017-11-23 01:48:42] DELETE fantasy_football/static/inline.431c68993736c4b9785e.bundle.js: -1
[2017-11-23 01:48:46] DELETE fantasy_football/static/main.e63364e16fa04b8b4f89.bundle.js: -1
[2017-11-23 01:48:49] DELETE fantasy_football/static/polyfills.ed762e38550b1ba74505.bundle.js: -71
[2017-11-23 01:48:51] DELETE fantasy_football/static/styles.d41d8cd98f00b204e980.bundle.css: 0
[2017-11-23 01:48:54] DELETE fantasy_football/static/vendor.44ac7e864ea905f8c17e.bundle.js: -777
[2017-11-23 01:48:57] DELETE fantasy_football/static/index.html: -24
[2017-11-23 01:49:10] UPLOAD /home/www-data/web2py/applications/fantasy_football/static/index.html: 25
[2017-11-23 01:49:16] UPLOAD /home/www-data/web2py/applications/fantasy_football/static/inline.da15bac32c59801ba2de.bundle.js: 1
[2017-11-23 01:49:22] UPLOAD /home/www-data/web2py/applications/fantasy_football/static/main.0489ab0816e6640621c9.bundle.js: 1
[2017-11-23 01:49:27] UPLOAD /home/www-data/web2py/applications/fantasy_football/static/polyfills.ed762e38550b1ba74505.bundle.js: 71
[2017-11-23 01:49:34] UPLOAD /home/www-data/web2py/applications/fantasy_football/static/styles.d41d8cd98f00b204e980.bundle.css: 0
[2017-11-23 01:49:44] UPLOAD /home/www-data/web2py/applications/fantasy_football/static/vendor.44ac7e864ea905f8c17e.bundle.js: 777
[2017-11-23 01:50:16] EDIT fantasy_football/views/default/index.html: 0
[2017-11-23 01:50:28] EDIT fantasy_football/views/default/index.html: 0
[2017-11-23 01:50:37] EDIT fantasy_football/views/default/index.html: 0
[2017-11-23 01:50:51] EDIT fantasy_football/views/default/index.html: 0
[2017-11-23 01:51:05] EDIT fantasy_football/views/default/index.html: 0
[2017-11-23 01:56:51] EDIT fantasy_football/views/default/index.html: 0
[2017-11-23 01:57:02] EDIT fantasy_football/views/default/index.html: 0
[2017-11-23 01:57:22] EDIT fantasy_football/views/default/index.html: 1
[2017-11-23 01:57:32] EDIT fantasy_football/views/default/index.html: 0
[2017-11-23 01:58:27] EDIT fantasy_football/views/default/index.html: 0
[2017-11-23 01:58:37] EDIT fantasy_football/views/default/index.html: 0
[2017-11-23 02:01:08] EDIT fantasy_football/views/default/index.html: 0
[2017-11-23 02:01:16] EDIT fantasy_football/views/default/index.html: 0
[2017-11-23 02:04:15] EDIT fantasy_football/views/default/index.html: 1
[2017-11-23 02:04:41] EDIT fantasy_football/views/default/index.html: 0
[2017-11-23 02:07:32] EDIT fantasy_football/views/default/index.html: -3
[2017-11-23 02:07:36] EDIT fantasy_football/views/default/index.html: 0
[2017-11-23 02:10:41] EDIT fantasy_football/views/default/index.html: -3
[2017-11-23 02:13:32] EDIT fantasy_football/views/default/index.html: 0
[2017-11-23 02:13:44] EDIT fantasy_football/views/default/index.html: 0
[2017-11-23 02:13:53] EDIT fantasy_football/views/default/index.html: 0
[2017-11-23 02:14:02] EDIT fantasy_football/views/default/index.html: 0
[2017-11-23 02:14:16] DELETE fantasy_football/static/vendor.44ac7e864ea905f8c17e.bundle.js: -777
[2017-11-23 02:14:19] DELETE fantasy_football/static/polyfills.ed762e38550b1ba74505.bundle.js: -71
[2017-11-23 02:14:22] DELETE fantasy_football/static/main.0489ab0816e6640621c9.bundle.js: -1
[2017-11-23 02:14:25] DELETE fantasy_football/static/inline.da15bac32c59801ba2de.bundle.js: -1
[2017-11-23 02:14:28] DELETE fantasy_football/static/index.html: -25
[2017-11-23 02:14:41] UPLOAD /home/www-data/web2py/applications/fantasy_football/static/index.html: 25
[2017-11-23 02:14:49] UPLOAD /home/www-data/web2py/applications/fantasy_football/static/inline.8cc2e6819701317f5c87.bundle.js: 1
[2017-11-23 02:14:56] UPLOAD /home/www-data/web2py/applications/fantasy_football/static/main.eb8b6214019a6620ad44.bundle.js: 1
[2017-11-23 02:15:02] UPLOAD /home/www-data/web2py/applications/fantasy_football/static/polyfills.ed762e38550b1ba74505.bundle.js: 71
[2017-11-23 02:15:08] UPLOAD /home/www-data/web2py/applications/fantasy_football/static/vendor.44ac7e864ea905f8c17e.bundle.js: 777
[2017-11-23 02:18:13] DELETE fantasy_football/static/inline.8cc2e6819701317f5c87.bundle.js: -1
[2017-11-23 02:18:16] DELETE fantasy_football/static/main.eb8b6214019a6620ad44.bundle.js: -1
[2017-11-23 02:18:19] DELETE fantasy_football/static/polyfills.ed762e38550b1ba74505.bundle.js: -71
[2017-11-23 02:18:22] DELETE fantasy_football/static/vendor.44ac7e864ea905f8c17e.bundle.js: -777
[2017-11-23 02:18:35] UPLOAD /home/www-data/web2py/applications/fantasy_football/static/inline.030432e42671dae00af1.bundle.js: 1
[2017-11-23 02:18:40] DELETE fantasy_football/static/index.html: -25
[2017-11-23 02:18:47] UPLOAD /home/www-data/web2py/applications/fantasy_football/static/index.html: 25
[2017-11-23 02:18:54] UPLOAD /home/www-data/web2py/applications/fantasy_football/static/main.116a50ba063828ec553d.bundle.js: 1
[2017-11-23 02:19:00] UPLOAD /home/www-data/web2py/applications/fantasy_football/static/polyfills.ed762e38550b1ba74505.bundle.js: 71
[2017-11-23 02:19:08] UPLOAD /home/www-data/web2py/applications/fantasy_football/static/vendor.44ac7e864ea905f8c17e.bundle.js: 777
[2017-11-23 02:19:35] EDIT fantasy_football/views/default/index.html: 0
[2017-11-23 02:19:43] EDIT fantasy_football/views/default/index.html: 0
[2017-11-23 02:19:53] EDIT fantasy_football/views/default/index.html: 0
[2017-11-23 02:20:01] EDIT fantasy_football/views/default/index.html: 0
[2017-11-23 02:23:53] EDIT fantasy_football/views/default/index.html: 1
[2017-11-23 02:32:34] EDIT fantasy_football/views/default/index.html: 12
[2017-11-23 02:32:46] EDIT fantasy_football/views/default/index.html: 0
[2017-11-23 02:32:57] EDIT fantasy_football/views/default/index.html: 0
[2017-11-23 02:33:23] EDIT fantasy_football/views/default/index.html: 0
[2017-11-23 02:33:49] EDIT fantasy_football/views/default/index.html: 1
[2017-11-23 02:38:33] EDIT fantasy_football/views/default/index.html: 1
[2017-11-23 02:38:59] EDIT fantasy_football/views/default/index.html: -13
[2017-11-23 02:43:25] EDIT fantasy_football/views/default/index.html: 0
[2017-11-23 02:47:34] EDIT fantasy_football/views/default/index.html: 0
[2017-11-23 02:49:14] EDIT fantasy_football/views/default/index.html: 0
[2017-11-23 02:50:56] EDIT fantasy_football/views/default/index.html: 0
[2017-11-23 02:51:48] EDIT fantasy_football/views/default/index.html: -2
[2017-11-23 02:52:46] EDIT fantasy_football/views/default/index.html: 0
[2017-11-23 02:54:07] EDIT fantasy_football/controllers/default.py: 1
[2017-11-23 02:55:50] EDIT fantasy_football/views/default/index.html: 1
[2017-11-23 02:56:57] EDIT fantasy_football/views/default/index.html: 1
[2017-11-23 02:57:45] EDIT fantasy_football/views/default/index.html: 0
[2017-11-23 02:58:30] EDIT fantasy_football/views/default/index.html: -1
[2017-11-23 03:00:36] EDIT fantasy_football/views/default/index.html: 1
[2017-11-23 03:01:47] EDIT fantasy_football/views/default/index.html: 0
[2017-11-23 03:02:01] EDIT fantasy_football/controllers/default.py: 0
[2017-11-23 03:02:34] EDIT fantasy_football/controllers/default.py: 0
[2017-11-23 03:02:54] EDIT fantasy_football/controllers/default.py: 0
[2017-11-23 03:03:06] EDIT fantasy_football/views/default/index.html: 0
[2017-11-23 03:03:10] EDIT fantasy_football/views/default/index.html: 0
[2017-11-23 03:03:29] EDIT fantasy_football/views/default/index.html: 0
[2017-11-23 03:04:11] EDIT fantasy_football/controllers/default.py: 0
[2017-11-23 03:07:03] EDIT fantasy_football/controllers/default.py: 0
[2017-11-23 03:08:19] EDIT fantasy_football/controllers/default.py: 0
[2017-11-23 03:08:27] EDIT fantasy_football/controllers/default.py: 0
[2017-11-23 03:09:10] EDIT fantasy_football/views/default/index.html: 0
[2017-11-23 03:09:33] EDIT fantasy_football/views/default/index.html: 0
[2017-11-23 03:13:31] EDIT fantasy_football/controllers/default.py: 0
[2017-11-23 03:13:52] EDIT fantasy_football/controllers/default.py: 0
[2017-11-23 03:14:15] EDIT fantasy_football/controllers/default.py: 0
[2017-11-23 03:16:38] EDIT fantasy_football/controllers/default.py: 3
[2017-11-23 06:44:45] EDIT fantasy_football/views/default/index.html: 0
[2017-11-23 06:47:48] EDIT fantasy_football/views/default/index.html: -3
[2017-11-23 06:57:08] EDIT fantasy_football/views/default/index.html: 0
[2017-11-23 06:57:44] EDIT fantasy_football/views/default/index.html: 0
[2017-11-23 07:02:53] EDIT fantasy_football/views/default/index.html: 0
[2017-11-23 07:03:28] EDIT fantasy_football/views/default/index.html: 0
[2017-11-23 07:04:52] EDIT fantasy_football/views/default/index.html: 0
[2017-11-23 07:05:28] EDIT fantasy_football/views/default/index.html: 0
[2017-11-23 07:05:55] EDIT fantasy_football/views/default/index.html: 0
[2017-11-23 07:10:10] EDIT fantasy_football/views/default/index.html: 0
[2017-11-23 07:11:18] EDIT fantasy_football/controllers/default.py: 0
[2017-11-23 07:12:27] EDIT fantasy_football/controllers/default.py: 0
[2017-11-23 07:13:09] EDIT fantasy_football/controllers/default.py: 0
[2017-11-23 07:13:54] EDIT fantasy_football/controllers/default.py: 0
[2017-11-23 07:15:27] EDIT fantasy_football/controllers/default.py: 0
[2017-11-23 07:16:34] EDIT fantasy_football/controllers/default.py: 0
[2017-11-23 07:16:53] EDIT fantasy_football/controllers/default.py: 0
[2017-11-23 07:17:41] EDIT fantasy_football/views/default/index.html: 0
[2017-11-23 07:18:40] EDIT fantasy_football/views/default/index.html: 0
[2017-11-23 07:19:17] EDIT fantasy_football/views/default/index.html: 0
[2017-11-23 07:20:04] EDIT fantasy_football/views/default/index.html: 0
[2017-11-23 07:20:19] EDIT fantasy_football/views/default/index.html: 0
[2017-11-23 07:20:41] EDIT fantasy_football/views/default/index.html: 0
[2017-11-23 07:21:05] EDIT fantasy_football/views/default/index.html: 0
[2017-11-23 07:21:31] EDIT fantasy_football/views/default/index.html: 0
[2017-11-23 07:22:48] EDIT fantasy_football/views/default/index.html: 0
[2017-11-23 07:23:08] EDIT fantasy_football/views/default/index.html: 0
[2017-11-23 07:23:19] EDIT fantasy_football/views/default/index.html: 0
[2017-11-23 07:24:01] EDIT fantasy_football/views/default/index.html: 0
[2017-11-23 07:24:14] EDIT fantasy_football/views/default/index.html: 0
[2017-11-23 07:25:36] EDIT fantasy_football/views/default/index.html: 0
[2017-11-23 07:25:53] EDIT fantasy_football/views/default/index.html: 0
[2017-11-23 07:26:48] EDIT fantasy_football/views/default/index.html: 0
[2017-11-23 07:27:05] EDIT fantasy_football/views/default/index.html: 0
[2017-11-23 07:27:46] EDIT fantasy_football/views/default/index.html: 0
[2017-11-23 07:28:23] EDIT fantasy_football/views/default/index.html: 1
[2017-11-23 07:33:52] EDIT fantasy_football/views/default/index.html: 0
[2017-11-23 07:34:03] EDIT fantasy_football/views/default/index.html: 0
[2017-11-23 07:34:11] EDIT fantasy_football/views/default/index.html: 0
[2017-11-23 07:34:20] EDIT fantasy_football/views/default/index.html: 0
[2017-11-23 07:34:36] DELETE fantasy_football/static/main.116a50ba063828ec553d.bundle.js: -1
[2017-11-23 07:34:41] DELETE fantasy_football/static/inline.030432e42671dae00af1.bundle.js: -1
[2017-11-23 07:34:44] DELETE fantasy_football/static/polyfills.ed762e38550b1ba74505.bundle.js: -71
[2017-11-23 07:34:48] DELETE fantasy_football/static/vendor.44ac7e864ea905f8c17e.bundle.js: -777
[2017-11-23 07:34:55] DELETE fantasy_football/static/index.html: -25
[2017-11-23 07:35:09] UPLOAD /home/www-data/web2py/applications/fantasy_football/static/index.html: 25
[2017-11-23 07:35:18] UPLOAD /home/www-data/web2py/applications/fantasy_football/static/inline.9cf0514d597ab8b1a207.bundle.js: 1
[2017-11-23 07:35:25] UPLOAD /home/www-data/web2py/applications/fantasy_football/static/main.1e905ddbb761cf6ad336.bundle.js: 1
[2017-11-23 07:35:31] UPLOAD /home/www-data/web2py/applications/fantasy_football/static/polyfills.ed762e38550b1ba74505.bundle.js: 71
[2017-11-23 07:35:38] UPLOAD /home/www-data/web2py/applications/fantasy_football/static/vendor.44ac7e864ea905f8c17e.bundle.js: 777
[2017-11-23 15:59:30] EDIT fantasy_football/views/default/index.html: 0
[2017-11-23 15:59:40] EDIT fantasy_football/views/default/index.html: 0
[2017-11-23 15:59:51] EDIT fantasy_football/views/default/index.html: 0
[2017-11-23 16:00:01] EDIT fantasy_football/views/default/index.html: 0
[2017-11-23 16:00:16] DELETE fantasy_football/static/main.1e905ddbb761cf6ad336.bundle.js: -1
[2017-11-23 16:00:19] DELETE fantasy_football/static/inline.9cf0514d597ab8b1a207.bundle.js: -1
[2017-11-23 16:00:24] DELETE fantasy_football/static/polyfills.ed762e38550b1ba74505.bundle.js: -71
[2017-11-23 16:00:27] DELETE fantasy_football/static/vendor.44ac7e864ea905f8c17e.bundle.js: -777
[2017-11-23 16:00:34] UPLOAD /home/www-data/web2py/applications/fantasy_football/static/inline.a91e0b0f133593676baf.bundle.js: 1
[2017-11-23 16:00:42] UPLOAD /home/www-data/web2py/applications/fantasy_football/static/main.064af751e0585862e79b.bundle.js: 1
[2017-11-23 16:00:49] UPLOAD /home/www-data/web2py/applications/fantasy_football/static/polyfills.ed762e38550b1ba74505.bundle.js: 71
[2017-11-23 16:00:56] UPLOAD /home/www-data/web2py/applications/fantasy_football/static/vendor.44ac7e864ea905f8c17e.bundle.js: 777
[2017-11-23 16:03:10] EDIT fantasy_football/views/default/index.html: 0
[2017-11-23 16:05:42] EDIT fantasy_football/views/default/index.html: 0
[2017-11-23 16:26:03] EDIT fantasy_football/views/default/index.html: 0
[2017-11-23 16:26:12] EDIT fantasy_football/views/default/index.html: 0
[2017-11-23 16:26:24] EDIT fantasy_football/views/default/index.html: 0
[2017-11-23 16:26:35] EDIT fantasy_football/views/default/index.html: 0
[2017-11-23 16:26:44] DELETE fantasy_football/static/inline.a91e0b0f133593676baf.bundle.js: -1
[2017-11-23 16:26:47] DELETE fantasy_football/static/main.064af751e0585862e79b.bundle.js: -1
[2017-11-23 16:26:50] DELETE fantasy_football/static/polyfills.ed762e38550b1ba74505.bundle.js: -71
[2017-11-23 16:26:54] DELETE fantasy_football/static/vendor.44ac7e864ea905f8c17e.bundle.js: -777
[2017-11-23 16:26:59] UPLOAD /home/www-data/web2py/applications/fantasy_football/static/inline.23ac964564ea8c974376.bundle.js: 1
[2017-11-23 16:27:05] UPLOAD /home/www-data/web2py/applications/fantasy_football/static/main.780be59d28984e424247.bundle.js: 1
[2017-11-23 16:27:11] UPLOAD /home/www-data/web2py/applications/fantasy_football/static/polyfills.ed762e38550b1ba74505.bundle.js: 71
[2017-11-23 16:27:21] UPLOAD /home/www-data/web2py/applications/fantasy_football/static/vendor.44ac7e864ea905f8c17e.bundle.js: 777
[2017-11-23 16:43:51] EDIT fantasy_football/views/default/index.html: 0
[2017-11-23 16:43:59] EDIT fantasy_football/views/default/index.html: 0
[2017-11-23 16:44:08] EDIT fantasy_football/views/default/index.html: 0
[2017-11-23 16:44:16] EDIT fantasy_football/views/default/index.html: 0
[2017-11-23 16:44:30] DELETE fantasy_football/static/inline.23ac964564ea8c974376.bundle.js: -1
[2017-11-23 16:44:33] DELETE fantasy_football/static/main.780be59d28984e424247.bundle.js: -1
[2017-11-23 16:44:36] DELETE fantasy_football/static/polyfills.ed762e38550b1ba74505.bundle.js: -71
[2017-11-23 16:44:39] DELETE fantasy_football/static/vendor.44ac7e864ea905f8c17e.bundle.js: -777
[2017-11-23 16:44:43] DELETE fantasy_football/static/index.html: -25
[2017-11-23 16:45:54] UPLOAD /home/www-data/web2py/applications/fantasy_football/static/index.html: 25
[2017-11-23 16:46:00] UPLOAD /home/www-data/web2py/applications/fantasy_football/static/inline.cee419f9c980a1bebef9.bundle.js: 1
[2017-11-23 16:46:07] UPLOAD /home/www-data/web2py/applications/fantasy_football/static/main.5b2a1b9fb9be165cbb5f.bundle.js: 1
[2017-11-23 16:46:13] UPLOAD /home/www-data/web2py/applications/fantasy_football/static/polyfills.ed762e38550b1ba74505.bundle.js: 71
[2017-11-23 16:46:20] UPLOAD /home/www-data/web2py/applications/fantasy_football/static/vendor.44ac7e864ea905f8c17e.bundle.js: 777
[2017-11-23 16:46:39] EDIT fantasy_football/views/default/index.html: 0
[2017-11-23 16:46:49] EDIT fantasy_football/views/default/index.html: 0
[2017-11-23 16:53:25] EDIT fantasy_football/views/default/index.html: 0
[2017-11-23 16:53:34] EDIT fantasy_football/views/default/index.html: 0
[2017-11-23 16:53:44] DELETE fantasy_football/static/main.5b2a1b9fb9be165cbb5f.bundle.js: -1
[2017-11-23 16:53:48] DELETE fantasy_football/static/inline.cee419f9c980a1bebef9.bundle.js: -1
[2017-11-23 16:54:04] UPLOAD /home/www-data/web2py/applications/fantasy_football/static/inline.597d6e10751c59c51fd0.bundle.js: 1
[2017-11-23 16:54:12] UPLOAD /home/www-data/web2py/applications/fantasy_football/static/main.1c9dfe56cbe4f8b84a36.bundle.js: 1
[2017-11-23 16:59:40] EDIT fantasy_football/controllers/default.py: 3
[2017-11-23 17:00:54] EDIT fantasy_football/controllers/default.py: 0
[2017-11-23 17:01:09] EDIT fantasy_football/controllers/default.py: 0
[2017-11-23 17:01:13] EDIT fantasy_football/controllers/default.py: 0
[2017-11-23 17:03:29] EDIT fantasy_football/controllers/default.py: 3
[2017-11-23 17:03:37] EDIT fantasy_football/controllers/default.py: -3
[2017-11-23 17:05:52] EDIT fantasy_football/controllers/default.py: 0
[2017-11-23 17:06:06] EDIT fantasy_football/controllers/default.py: 0
[2017-11-23 17:06:18] EDIT fantasy_football/controllers/default.py: 1
[2017-11-23 17:07:15] EDIT fantasy_football/controllers/default.py: 0
[2017-11-23 17:08:00] EDIT fantasy_football/controllers/default.py: 0
[2017-11-23 17:08:11] EDIT fantasy_football/controllers/default.py: 0
[2017-11-23 17:10:51] EDIT fantasy_football/views/default/index.html: 0
[2017-11-23 17:11:00] EDIT fantasy_football/views/default/index.html: 0
[2017-11-23 17:11:07] DELETE fantasy_football/static/main.1c9dfe56cbe4f8b84a36.bundle.js: -1
[2017-11-23 17:11:10] DELETE fantasy_football/static/inline.597d6e10751c59c51fd0.bundle.js: -1
[2017-11-23 17:11:17] UPLOAD /home/www-data/web2py/applications/fantasy_football/static/inline.8844083f1439afa08da1.bundle.js: 1
[2017-11-23 17:11:25] UPLOAD /home/www-data/web2py/applications/fantasy_football/static/main.6ae60aca475ece77b03d.bundle.js: 1
[2017-11-23 17:12:56] EDIT fantasy_football/controllers/default.py: 0
[2017-11-23 17:13:03] EDIT fantasy_football/controllers/default.py: 0
[2017-11-23 17:13:19] EDIT fantasy_football/controllers/default.py: 0
[2017-11-23 17:13:52] EDIT fantasy_football/controllers/default.py: -1
[2017-11-23 17:14:00] EDIT fantasy_football/controllers/default.py: -1
[2017-11-23 17:14:19] EDIT fantasy_football/controllers/default.py: 3
[2017-11-23 17:38:15] EDIT fantasy_football/views/default/index.html: 3
[2017-11-23 17:38:19] EDIT fantasy_football/views/default/index.html: 0
[2017-11-23 17:38:58] EDIT fantasy_football/views/default/index.html: 2
[2017-11-23 17:39:28] EDIT fantasy_football/views/default/index.html: -20
[2017-11-23 17:42:53] EDIT fantasy_football/controllers/default.py: 13
[2017-11-23 17:43:43] EDIT fantasy_football/controllers/default.py: 4
[2017-11-23 17:45:26] EDIT fantasy_football/models/db.py: 1
